C:\USERS\MARC2\DOCUMENTS\VISUAL STUDIO 2012\PROJECTS\HASHING2DCOLLISIONS\DEBUG\HASHING2DCOLLISIONS.PCH
C:\USERS\MARC2\DOCUMENTS\VISUAL STUDIO 2012\PROJECTS\HASHING2DCOLLISIONS\DEBUG\STDAFX.OBJ
C:\USERS\MARC2\DOCUMENTS\VISUAL STUDIO 2012\PROJECTS\HASHING2DCOLLISIONS\DEBUG\VC110.PDB
C:\USERS\MARC2\DOCUMENTS\VISUAL STUDIO 2012\PROJECTS\HASHING2DCOLLISIONS\DEBUG\CUSTOMSPRITE.OBJ
C:\USERS\MARC2\DOCUMENTS\VISUAL STUDIO 2012\PROJECTS\HASHING2DCOLLISIONS\DEBUG\HASHING2DCOLLISIONS.OBJ
C:\USERS\MARC2\DOCUMENTS\VISUAL STUDIO 2012\PROJECTS\HASHING2DCOLLISIONS\DEBUG\MAPMANAGER.OBJ
C:\USERS\MARC2\DOCUMENTS\VISUAL STUDIO 2012\PROJECTS\HASHING2DCOLLISIONS\DEBUG\SPRITEDEMO.OBJ
C:\USERS\MARC2\DOCUMENTS\VISUAL STUDIO 2012\PROJECTS\HASHING2DCOLLISIONS\DEBUG\SPRITEMANAGER.OBJ
C:\USERS\MARC2\DOCUMENTS\VISUAL STUDIO 2012\PROJECTS\HASHING2DCOLLISIONS\DEBUG\HASHING2DCOLLISIONS.ILK
C:\USERS\MARC2\DOCUMENTS\VISUAL STUDIO 2012\PROJECTS\HASHING2DCOLLISIONS\DEBUG\HASHING2DCOLLISIONS.EXE
C:\USERS\MARC2\DOCUMENTS\VISUAL STUDIO 2012\PROJECTS\HASHING2DCOLLISIONS\DEBUG\HASHING2DCOLLISIONS.PDB
C:\Users\Marc2\Documents\Visual Studio 2012\Projects\Hashing2DCollisions\Debug\CustomSprite.obj
C:\Users\Marc2\Documents\Visual Studio 2012\Projects\Hashing2DCollisions\Debug\Hashing2DCollisions.obj
C:\Users\Marc2\Documents\Visual Studio 2012\Projects\Hashing2DCollisions\Debug\MapManager.obj
C:\Users\Marc2\Documents\Visual Studio 2012\Projects\Hashing2DCollisions\Debug\SpriteDemo.obj
C:\Users\Marc2\Documents\Visual Studio 2012\Projects\Hashing2DCollisions\Debug\SpriteManager.obj
C:\Users\Marc2\Documents\Visual Studio 2012\Projects\Hashing2DCollisions\Debug\stdafx.obj
C:\Users\Marc2\Documents\Visual Studio 2012\Projects\Hashing2DCollisions\Debug\Hashing2DCollisions.ilk
C:\Users\Marc2\Documents\Visual Studio 2012\Projects\Hashing2DCollisions\Debug\cl.command.1.tlog
C:\Users\Marc2\Documents\Visual Studio 2012\Projects\Hashing2DCollisions\Debug\CL.read.1.tlog
C:\Users\Marc2\Documents\Visual Studio 2012\Projects\Hashing2DCollisions\Debug\CL.write.1.tlog
C:\Users\Marc2\Documents\Visual Studio 2012\Projects\Hashing2DCollisions\Debug\link-cvtres.read.1.tlog
C:\Users\Marc2\Documents\Visual Studio 2012\Projects\Hashing2DCollisions\Debug\link-cvtres.write.1.tlog
C:\Users\Marc2\Documents\Visual Studio 2012\Projects\Hashing2DCollisions\Debug\link-rc.read.1.tlog
C:\Users\Marc2\Documents\Visual Studio 2012\Projects\Hashing2DCollisions\Debug\link-rc.write.1.tlog
C:\Users\Marc2\Documents\Visual Studio 2012\Projects\Hashing2DCollisions\Debug\link.command.1.tlog
C:\Users\Marc2\Documents\Visual Studio 2012\Projects\Hashing2DCollisions\Debug\link.read.1.tlog
C:\Users\Marc2\Documents\Visual Studio 2012\Projects\Hashing2DCollisions\Debug\link.write.1.tlog
C:\Users\Marc2\Documents\Visual Studio 2012\Projects\Hashing2DCollisions\Debug\Hashing2DCollisions.pch
C:\Users\Marc2\Documents\Visual Studio 2012\Projects\Hashing2DCollisions\Debug\vc110.idb
C:\Users\Marc2\Documents\Visual Studio 2012\Projects\Hashing2DCollisions\Debug\Hashing2DCollisions.pdb
C:\Users\Marc2\Documents\Visual Studio 2012\Projects\Hashing2DCollisions\Debug\vc110.pdb
C:\Users\Marc2\Documents\Visual Studio 2012\Projects\Hashing2DCollisions\Debug\Hashing2DCollisions.exe
